\BOOKMARK [0][-]{chapter.1}{Thymio}{}% 1
\BOOKMARK [1][-]{section.1.1}{What is Thymio}{chapter.1}% 2
\BOOKMARK [1][-]{section.1.2}{How does it works }{chapter.1}% 3
\BOOKMARK [0][-]{chapter.2}{Requirements Documentation}{}% 4
\BOOKMARK [1][-]{section.2.1}{Vision}{chapter.2}% 5
\BOOKMARK [1][-]{section.2.2}{Goals}{chapter.2}% 6
\BOOKMARK [1][-]{section.2.3}{Risk Analysis}{chapter.2}% 7
\BOOKMARK [1][-]{section.2.4}{Stakeholder Descriptions}{chapter.2}% 8
\BOOKMARK [1][-]{section.2.5}{User Stories}{chapter.2}% 9
\BOOKMARK [1][-]{section.2.6}{Use Cases Model}{chapter.2}% 10
\BOOKMARK [0][-]{chapter.3}{Environment}{}% 11
\BOOKMARK [1][-]{section.3.1}{Three JS}{chapter.3}% 12
\BOOKMARK [0][-]{chapter.4}{Architecture }{}% 13
\BOOKMARK [0][-]{chapter.5}{What already exist}{}% 14
\BOOKMARK [0][-]{chapter.6}{The Approach}{}% 15
\BOOKMARK [1][-]{section.6.1}{Base Development}{chapter.6}% 16
\BOOKMARK [1][-]{section.6.2}{WebServer }{chapter.6}% 17
\BOOKMARK [1][-]{section.6.3}{Playgrounds}{chapter.6}% 18
\BOOKMARK [1][-]{section.6.4}{Interpreter}{chapter.6}% 19
\BOOKMARK [2][-]{subsection.6.4.1}{Tokenize}{section.6.4}% 20
\BOOKMARK [2][-]{subsection.6.4.2}{Parser}{section.6.4}% 21
\BOOKMARK [1][-]{section.6.5}{Phyisics}{chapter.6}% 22
\BOOKMARK [1][-]{section.6.6}{Sensor and Actuator}{chapter.6}% 23
\BOOKMARK [1][-]{section.6.7}{Customize playgrounds}{chapter.6}% 24
\BOOKMARK [0][-]{chapter.7}{Conclusion}{}% 25
\BOOKMARK [1][-]{section.7.1}{Results}{chapter.7}% 26
\BOOKMARK [1][-]{section.7.2}{Future research }{chapter.7}% 27
\BOOKMARK [1][-]{section.7.3}{Personal conclusion}{chapter.7}% 28
\BOOKMARK [0][-]{appendix.A}{The different programming languages }{}% 29
\BOOKMARK [1][-]{section.A.1}{VPL}{appendix.A}% 30
\BOOKMARK [1][-]{section.A.2}{Blockly 4 Thymio}{appendix.A}% 31
\BOOKMARK [1][-]{section.A.3}{Aseba}{appendix.A}% 32
\BOOKMARK [1][-]{section.A.4}{Scratch}{appendix.A}% 33
\BOOKMARK [0][-]{appendix.B}{Product Backlog}{}% 34
\BOOKMARK [0][-]{appendix.C}{Sprint Backlog}{}% 35
\BOOKMARK [1][-]{section.C.1}{First Sprint}{appendix.C}% 36
\BOOKMARK [1][-]{section.C.2}{Second Sprint}{appendix.C}% 37
\BOOKMARK [1][-]{section.C.3}{Third Sprint}{appendix.C}% 38
\BOOKMARK [1][-]{section.C.4}{Fourth Sprint}{appendix.C}% 39
\BOOKMARK [1][-]{section.C.5}{Fifth Sprint}{appendix.C}% 40
\BOOKMARK [1][-]{section.C.6}{Sixth Sprint}{appendix.C}% 41
\BOOKMARK [0][-]{appendix.D}{Gantt Diagram}{}% 42
\BOOKMARK [0][-]{appendix.E}{Configuration}{}% 43
\BOOKMARK [0][-]{appendix.F}{Meetings}{}% 44
\BOOKMARK [0][-]{appendix.G}{Problems encountered}{}% 45
